<?xml version="1.0" encoding="UTF-8"?>
<!-- Generated by org.testng.reporters.JUnitReportReporter -->
<testsuite hostname="pc" failures="0" tests="1" name="methodUtility.PostMethod" time="3.519" errors="0" timestamp="2023-07-09T11:04:25 IST" skipped="0">
  <testcase classname="methodUtility.PostMethod" name="updateDataFromJsonObject" time="3.519"/>
  <system-out/>
</testsuite> <!-- methodUtility.PostMethod -->
