<?xml version="1.0" encoding="UTF-8"?>
<!-- Generated by org.testng.reporters.JUnitReportReporter -->
<testsuite hostname="pc" failures="0" tests="1" name="methodUtility.PatchMethod" time="3.287" errors="0" timestamp="2023-07-09T09:58:49 IST" skipped="0">
  <testcase classname="methodUtility.PatchMethod" name="readFromFile" time="3.287"/>
  <system-out/>
</testsuite> <!-- methodUtility.PatchMethod -->
