<?xml version="1.0" encoding="UTF-8"?>
<!-- Generated by org.testng.reporters.JUnitReportReporter -->
<testsuite hostname="sunil" failures="0" tests="2" name="Autorization.BasicAuth" time="4.850" errors="0" timestamp="2023-07-10T08:56:40 IST" skipped="0">
  <testcase classname="Autorization.BasicAuth" name="preemptive" time="0.815"/>
  <system-out/>
  <testcase classname="Autorization.BasicAuth" name="nonPreemptive" time="4.035"/>
  <system-out/>
</testsuite> <!-- Autorization.BasicAuth -->
