<?xml version="1.0" encoding="UTF-8"?>
<!-- Generated by org.testng.reporters.JUnitReportReporter -->
<testsuite hostname="sunil" failures="0" tests="1" name="Autorization.BearerToken" time="3.985" errors="0" timestamp="2023-07-10T09:43:01 IST" skipped="0">
  <testcase classname="Autorization.BearerToken" name="preemptive" time="3.985"/>
  <system-out/>
</testsuite> <!-- Autorization.BearerToken -->
